0 info it worked if it ends with ok
1 verbose cli [ '/net/beliveau/vol1/home/vkchau/miniconda3/envs/hackathon/bin/node',
1 verbose cli   '/net/beliveau/vol1/home/vkchau/miniconda3/envs/hackathon/bin/npm',
1 verbose cli   'run',
1 verbose cli   'install_react' ]
2 info using npm@3.10.10
3 info using node@v6.13.1
4 verbose run-script [ 'preinstall_react', 'install_react', 'postinstall_react' ]
5 info lifecycle react_shiny_template@1.0.0~preinstall_react: react_shiny_template@1.0.0
6 silly lifecycle react_shiny_template@1.0.0~preinstall_react: no script for preinstall_react, continuing
7 info lifecycle react_shiny_template@1.0.0~install_react: react_shiny_template@1.0.0
8 verbose lifecycle react_shiny_template@1.0.0~install_react: unsafe-perm in lifecycle true
9 verbose lifecycle react_shiny_template@1.0.0~install_react: PATH: /net/beliveau/vol1/home/vkchau/miniconda3/envs/hackathon/lib/node_modules/npm/bin/node-gyp-bin:/net/beliveau/vol1/home/vkchau/projects/hackathon/SimFISH_frontend/node_modules/.bin:/net/beliveau/vol1/home/vkchau/gems/bin:/net/beliveau/vol1/home/vkchau/.rbenv/shims:/opt/sge/bin/lx-amd64:/opt/sge/local:/net/beliveau/vol1/home/vkchau/.vscode/cli/servers/Stable-8b617bd08fd9e3fc94d14adb8d358b56e3f72314/server/bin/remote-cli:/net/beliveau/vol1/home/vkchau/gems/bin:/net/beliveau/vol1/home/vkchau/.rbenv/shims:/opt/sge/bin/lx-amd64:/opt/sge/local:/net/beliveau/vol1/home/vkchau/gems/bin:/net/beliveau/vol1/home/vkchau/.rbenv/shims:/net/beliveau/vol1/home/vkchau/.rbenv/bin:/net/beliveau/vol1/home/vkchau/miniconda3/envs/hackathon/bin:/net/beliveau/vol1/home/vkchau/miniconda3/condabin:/opt/sge/bin/lx-amd64:/opt/sge/local:/tmp/297088199.1.beliveau-long.q:/usr/local/bin:/bin:/usr/bin:/usr/local/sbin:/usr/sbin:/opt/puppetlabs/bin:/opt/dell/srvadmin/bin:/net/beliveau/vol1/home/vkchau/.local/bin:/net/beliveau/vol1/home/vkchau/bin:/net/beliveau/vol1/home/vkchau/.local/bin:/net/beliveau/vol1/home/vkchau/bin
10 verbose lifecycle react_shiny_template@1.0.0~install_react: CWD: /net/beliveau/vol1/home/vkchau/projects/hackathon/SimFISH_frontend
11 silly lifecycle react_shiny_template@1.0.0~install_react: Args: [ '-c', 'npm install --prefix React' ]
12 silly lifecycle react_shiny_template@1.0.0~install_react: Returned: code: 236  signal: null
13 info lifecycle react_shiny_template@1.0.0~install_react: Failed to exec install_react script
14 verbose stack Error: react_shiny_template@1.0.0 install_react: `npm install --prefix React`
14 verbose stack Exit status 236
14 verbose stack     at EventEmitter.<anonymous> (/net/beliveau/vol1/home/vkchau/miniconda3/envs/hackathon/lib/node_modules/npm/lib/utils/lifecycle.js:255:16)
14 verbose stack     at emitTwo (events.js:106:13)
14 verbose stack     at EventEmitter.emit (events.js:191:7)
14 verbose stack     at ChildProcess.<anonymous> (/net/beliveau/vol1/home/vkchau/miniconda3/envs/hackathon/lib/node_modules/npm/lib/utils/spawn.js:40:14)
14 verbose stack     at emitTwo (events.js:106:13)
14 verbose stack     at ChildProcess.emit (events.js:191:7)
14 verbose stack     at maybeClose (internal/child_process.js:920:16)
14 verbose stack     at Process.ChildProcess._handle.onexit (internal/child_process.js:230:5)
15 verbose pkgid react_shiny_template@1.0.0
16 verbose cwd /net/beliveau/vol1/home/vkchau/projects/hackathon/SimFISH_frontend
17 error Linux 3.10.0-1160.53.1.el7.x86_64
18 error argv "/net/beliveau/vol1/home/vkchau/miniconda3/envs/hackathon/bin/node" "/net/beliveau/vol1/home/vkchau/miniconda3/envs/hackathon/bin/npm" "run" "install_react"
19 error node v6.13.1
20 error npm  v3.10.10
21 error code ELIFECYCLE
22 error react_shiny_template@1.0.0 install_react: `npm install --prefix React`
22 error Exit status 236
23 error Failed at the react_shiny_template@1.0.0 install_react script 'npm install --prefix React'.
23 error Make sure you have the latest version of node.js and npm installed.
23 error If you do, this is most likely a problem with the react_shiny_template package,
23 error not with npm itself.
23 error Tell the author that this fails on your system:
23 error     npm install --prefix React
23 error You can get information on how to open an issue for this project with:
23 error     npm bugs react_shiny_template
23 error Or if that isn't available, you can get their info via:
23 error     npm owner ls react_shiny_template
23 error There is likely additional logging output above.
24 verbose exit [ 1, true ]
